<?xml version="1.0" encoding="utf-8"?><testsuites><testsuite name="pytest" errors="0" failures="0" skipped="0" tests="5" time="42.165" timestamp="2020-12-09T14:44:16.533364" hostname="LTNL000052"><testcase classname="test_e2eTC1.TestE2E" name="test_e2e" time="20.160" /><testcase classname="test_e2eTC1.TestE2E" name="test_loggerf" time="2.641" /><testcase classname="test_homepage.Test_HomePageVerify" name="test_Formsubmission[getData0]" time="14.314" /><testcase classname="test_homepage.Test_HomePageVerify" name="test_Formsubmission[getData1]" time="3.336" /><testcase classname="test_homepage.Test_HomePageVerify" name="test_loggerf" time="1.486" /></testsuite></testsuites>